2024-04-09 14:36:50,016 [Worker-8: Loading available Gradle versions] INFO  o.e.b.c.i.u.g.PublishedGradleVersions - Gradle version information cache is up-to-date. Trying to read.
2024-04-12 08:49:24,995 [Worker-13: Building] INFO  o.e.m.c.i.l.LifecycleMappingFactory - Using org.eclipse.m2e.jdt.JarLifecycleMapping lifecycle mapping for MavenProject: gerenciamento_academia:gerenciamento_academia:0.0.1-SNAPSHOT @ C:\Users\Khezac\Documents\Estudos de Programação\Serrafit(POO Projeto FInal)\gerenciador_de_academia\gerenciamento_academia\pom.xml.
2024-04-12 08:49:25,652 [Worker-13: Building] WARN  o.a.m.s.f.DefaultMavenResourcesFiltering - Using platform encoding (UTF-8 actually) to copy filtered resources, i.e. build is platform dependent!
2024-04-12 08:49:25,653 [Worker-13: Building] INFO  o.a.m.s.f.DefaultMavenResourcesFiltering - skip non existing resourceDirectory C:\Users\Khezac\Documents\Estudos de Programação\Serrafit(POO Projeto FInal)\gerenciador_de_academia\gerenciamento_academia\src\main\resources
2024-04-12 08:49:25,659 [Worker-13: Building] WARN  o.a.m.s.f.DefaultMavenResourcesFiltering - Using platform encoding (UTF-8 actually) to copy filtered resources, i.e. build is platform dependent!
2024-04-12 08:49:25,660 [Worker-13: Building] INFO  o.a.m.s.f.DefaultMavenResourcesFiltering - skip non existing resourceDirectory C:\Users\Khezac\Documents\Estudos de Programação\Serrafit(POO Projeto FInal)\gerenciador_de_academia\gerenciamento_academia\src\test\resources
2024-04-12 08:49:26,499 [Worker-7: Updating Maven Dependencies] INFO  o.e.m.c.i.l.LifecycleMappingFactory - Using org.eclipse.m2e.jdt.JarLifecycleMapping lifecycle mapping for MavenProject: gerenciamento_academia:gerenciamento_academia:0.0.1-SNAPSHOT @ C:\Users\Khezac\Documents\Estudos de Programação\Serrafit(POO Projeto FInal)\gerenciador_de_academia\gerenciamento_academia\pom.xml.
2024-04-12 08:49:27,020 [Worker-15: Building] WARN  o.a.m.s.f.DefaultMavenResourcesFiltering - Using platform encoding (UTF-8 actually) to copy filtered resources, i.e. build is platform dependent!
2024-04-12 08:49:27,021 [Worker-15: Building] INFO  o.a.m.s.f.DefaultMavenResourcesFiltering - skip non existing resourceDirectory C:\Users\Khezac\Documents\Estudos de Programação\Serrafit(POO Projeto FInal)\gerenciador_de_academia\gerenciamento_academia\src\main\resources
2024-04-12 08:49:27,027 [Worker-15: Building] WARN  o.a.m.s.f.DefaultMavenResourcesFiltering - Using platform encoding (UTF-8 actually) to copy filtered resources, i.e. build is platform dependent!
2024-04-12 08:49:27,028 [Worker-15: Building] INFO  o.a.m.s.f.DefaultMavenResourcesFiltering - skip non existing resourceDirectory C:\Users\Khezac\Documents\Estudos de Programação\Serrafit(POO Projeto FInal)\gerenciador_de_academia\gerenciamento_academia\src\test\resources
2024-04-12 08:49:27,895 [Worker-4: Loading available Gradle versions] INFO  o.e.b.c.i.u.g.PublishedGradleVersions - Gradle version information cache is up-to-date. Trying to read.
2024-04-12 08:50:13,508 [Worker-19: Building] WARN  o.a.m.s.f.DefaultMavenResourcesFiltering - Using platform encoding (UTF-8 actually) to copy filtered resources, i.e. build is platform dependent!
2024-04-12 08:50:13,509 [Worker-19: Building] INFO  o.a.m.s.f.DefaultMavenResourcesFiltering - skip non existing resourceDirectory C:\Users\Khezac\Documents\Estudos de Programação\Serrafit(POO Projeto FInal)\gerenciador_de_academia\gerenciamento_academia\src\main\resources
2024-04-12 08:50:13,511 [Worker-19: Building] WARN  o.a.m.s.f.DefaultMavenResourcesFiltering - Using platform encoding (UTF-8 actually) to copy filtered resources, i.e. build is platform dependent!
2024-04-12 08:50:13,512 [Worker-19: Building] INFO  o.a.m.s.f.DefaultMavenResourcesFiltering - skip non existing resourceDirectory C:\Users\Khezac\Documents\Estudos de Programação\Serrafit(POO Projeto FInal)\gerenciador_de_academia\gerenciamento_academia\src\test\resources
2024-04-12 08:52:15,519 [Worker-3: Building] WARN  o.a.m.s.f.DefaultMavenResourcesFiltering - Using platform encoding (UTF-8 actually) to copy filtered resources, i.e. build is platform dependent!
2024-04-12 08:52:15,520 [Worker-3: Building] INFO  o.a.m.s.f.DefaultMavenResourcesFiltering - skip non existing resourceDirectory C:\Users\Khezac\Documents\Estudos de Programação\Serrafit(POO Projeto FInal)\gerenciador_de_academia\gerenciamento_academia\src\main\resources
2024-04-12 08:52:15,522 [Worker-3: Building] WARN  o.a.m.s.f.DefaultMavenResourcesFiltering - Using platform encoding (UTF-8 actually) to copy filtered resources, i.e. build is platform dependent!
2024-04-12 08:52:15,523 [Worker-3: Building] INFO  o.a.m.s.f.DefaultMavenResourcesFiltering - skip non existing resourceDirectory C:\Users\Khezac\Documents\Estudos de Programação\Serrafit(POO Projeto FInal)\gerenciador_de_academia\gerenciamento_academia\src\test\resources
2024-04-12 08:52:18,810 [Worker-20: Building] WARN  o.a.m.s.f.DefaultMavenResourcesFiltering - Using platform encoding (UTF-8 actually) to copy filtered resources, i.e. build is platform dependent!
2024-04-12 08:52:18,811 [Worker-20: Building] INFO  o.a.m.s.f.DefaultMavenResourcesFiltering - skip non existing resourceDirectory C:\Users\Khezac\Documents\Estudos de Programação\Serrafit(POO Projeto FInal)\gerenciador_de_academia\gerenciamento_academia\src\main\resources
2024-04-12 08:52:18,813 [Worker-20: Building] WARN  o.a.m.s.f.DefaultMavenResourcesFiltering - Using platform encoding (UTF-8 actually) to copy filtered resources, i.e. build is platform dependent!
2024-04-12 08:52:18,814 [Worker-20: Building] INFO  o.a.m.s.f.DefaultMavenResourcesFiltering - skip non existing resourceDirectory C:\Users\Khezac\Documents\Estudos de Programação\Serrafit(POO Projeto FInal)\gerenciador_de_academia\gerenciamento_academia\src\test\resources
2024-04-12 08:52:24,073 [Worker-5: Building] WARN  o.a.m.s.f.DefaultMavenResourcesFiltering - Using platform encoding (UTF-8 actually) to copy filtered resources, i.e. build is platform dependent!
2024-04-12 08:52:24,074 [Worker-5: Building] INFO  o.a.m.s.f.DefaultMavenResourcesFiltering - skip non existing resourceDirectory C:\Users\Khezac\Documents\Estudos de Programação\Serrafit(POO Projeto FInal)\gerenciador_de_academia\gerenciamento_academia\src\main\resources
2024-04-12 08:52:24,077 [Worker-5: Building] WARN  o.a.m.s.f.DefaultMavenResourcesFiltering - Using platform encoding (UTF-8 actually) to copy filtered resources, i.e. build is platform dependent!
2024-04-12 08:52:24,078 [Worker-5: Building] INFO  o.a.m.s.f.DefaultMavenResourcesFiltering - skip non existing resourceDirectory C:\Users\Khezac\Documents\Estudos de Programação\Serrafit(POO Projeto FInal)\gerenciador_de_academia\gerenciamento_academia\src\test\resources
2024-04-12 08:52:32,339 [Worker-10: Building] WARN  o.a.m.s.f.DefaultMavenResourcesFiltering - Using platform encoding (UTF-8 actually) to copy filtered resources, i.e. build is platform dependent!
2024-04-12 08:52:32,340 [Worker-10: Building] INFO  o.a.m.s.f.DefaultMavenResourcesFiltering - skip non existing resourceDirectory C:\Users\Khezac\Documents\Estudos de Programação\Serrafit(POO Projeto FInal)\gerenciador_de_academia\gerenciamento_academia\src\main\resources
2024-04-12 08:52:32,342 [Worker-10: Building] WARN  o.a.m.s.f.DefaultMavenResourcesFiltering - Using platform encoding (UTF-8 actually) to copy filtered resources, i.e. build is platform dependent!
2024-04-12 08:52:32,343 [Worker-10: Building] INFO  o.a.m.s.f.DefaultMavenResourcesFiltering - skip non existing resourceDirectory C:\Users\Khezac\Documents\Estudos de Programação\Serrafit(POO Projeto FInal)\gerenciador_de_academia\gerenciamento_academia\src\test\resources
2024-04-12 08:52:40,779 [Worker-10: Building] WARN  o.a.m.s.f.DefaultMavenResourcesFiltering - Using platform encoding (UTF-8 actually) to copy filtered resources, i.e. build is platform dependent!
2024-04-12 08:52:40,780 [Worker-10: Building] INFO  o.a.m.s.f.DefaultMavenResourcesFiltering - skip non existing resourceDirectory C:\Users\Khezac\Documents\Estudos de Programação\Serrafit(POO Projeto FInal)\gerenciador_de_academia\gerenciamento_academia\src\main\resources
2024-04-12 08:52:40,782 [Worker-10: Building] WARN  o.a.m.s.f.DefaultMavenResourcesFiltering - Using platform encoding (UTF-8 actually) to copy filtered resources, i.e. build is platform dependent!
2024-04-12 08:52:40,782 [Worker-10: Building] INFO  o.a.m.s.f.DefaultMavenResourcesFiltering - skip non existing resourceDirectory C:\Users\Khezac\Documents\Estudos de Programação\Serrafit(POO Projeto FInal)\gerenciador_de_academia\gerenciamento_academia\src\test\resources
2024-04-12 08:52:48,127 [Worker-6: Building] WARN  o.a.m.s.f.DefaultMavenResourcesFiltering - Using platform encoding (UTF-8 actually) to copy filtered resources, i.e. build is platform dependent!
2024-04-12 08:52:48,128 [Worker-6: Building] INFO  o.a.m.s.f.DefaultMavenResourcesFiltering - skip non existing resourceDirectory C:\Users\Khezac\Documents\Estudos de Programação\Serrafit(POO Projeto FInal)\gerenciador_de_academia\gerenciamento_academia\src\main\resources
2024-04-12 08:52:48,131 [Worker-6: Building] WARN  o.a.m.s.f.DefaultMavenResourcesFiltering - Using platform encoding (UTF-8 actually) to copy filtered resources, i.e. build is platform dependent!
2024-04-12 08:52:48,132 [Worker-6: Building] INFO  o.a.m.s.f.DefaultMavenResourcesFiltering - skip non existing resourceDirectory C:\Users\Khezac\Documents\Estudos de Programação\Serrafit(POO Projeto FInal)\gerenciador_de_academia\gerenciamento_academia\src\test\resources
2024-04-12 08:52:58,164 [Worker-6: Building] WARN  o.a.m.s.f.DefaultMavenResourcesFiltering - Using platform encoding (UTF-8 actually) to copy filtered resources, i.e. build is platform dependent!
2024-04-12 08:52:58,166 [Worker-6: Building] INFO  o.a.m.s.f.DefaultMavenResourcesFiltering - skip non existing resourceDirectory C:\Users\Khezac\Documents\Estudos de Programação\Serrafit(POO Projeto FInal)\gerenciador_de_academia\gerenciamento_academia\src\main\resources
2024-04-12 08:52:58,168 [Worker-6: Building] WARN  o.a.m.s.f.DefaultMavenResourcesFiltering - Using platform encoding (UTF-8 actually) to copy filtered resources, i.e. build is platform dependent!
2024-04-12 08:52:58,169 [Worker-6: Building] INFO  o.a.m.s.f.DefaultMavenResourcesFiltering - skip non existing resourceDirectory C:\Users\Khezac\Documents\Estudos de Programação\Serrafit(POO Projeto FInal)\gerenciador_de_academia\gerenciamento_academia\src\test\resources
2024-04-12 08:53:10,476 [Worker-25: Building] WARN  o.a.m.s.f.DefaultMavenResourcesFiltering - Using platform encoding (UTF-8 actually) to copy filtered resources, i.e. build is platform dependent!
2024-04-12 08:53:10,477 [Worker-25: Building] INFO  o.a.m.s.f.DefaultMavenResourcesFiltering - skip non existing resourceDirectory C:\Users\Khezac\Documents\Estudos de Programação\Serrafit(POO Projeto FInal)\gerenciador_de_academia\gerenciamento_academia\src\main\resources
2024-04-12 08:53:10,479 [Worker-25: Building] WARN  o.a.m.s.f.DefaultMavenResourcesFiltering - Using platform encoding (UTF-8 actually) to copy filtered resources, i.e. build is platform dependent!
2024-04-12 08:53:10,480 [Worker-25: Building] INFO  o.a.m.s.f.DefaultMavenResourcesFiltering - skip non existing resourceDirectory C:\Users\Khezac\Documents\Estudos de Programação\Serrafit(POO Projeto FInal)\gerenciador_de_academia\gerenciamento_academia\src\test\resources
2024-04-12 08:53:16,843 [Worker-7: Building] WARN  o.a.m.s.f.DefaultMavenResourcesFiltering - Using platform encoding (UTF-8 actually) to copy filtered resources, i.e. build is platform dependent!
2024-04-12 08:53:16,844 [Worker-7: Building] INFO  o.a.m.s.f.DefaultMavenResourcesFiltering - skip non existing resourceDirectory C:\Users\Khezac\Documents\Estudos de Programação\Serrafit(POO Projeto FInal)\gerenciador_de_academia\gerenciamento_academia\src\main\resources
2024-04-12 08:53:16,845 [Worker-7: Building] WARN  o.a.m.s.f.DefaultMavenResourcesFiltering - Using platform encoding (UTF-8 actually) to copy filtered resources, i.e. build is platform dependent!
2024-04-12 08:53:16,846 [Worker-7: Building] INFO  o.a.m.s.f.DefaultMavenResourcesFiltering - skip non existing resourceDirectory C:\Users\Khezac\Documents\Estudos de Programação\Serrafit(POO Projeto FInal)\gerenciador_de_academia\gerenciamento_academia\src\test\resources
2024-04-12 08:53:28,202 [Worker-22: Building] WARN  o.a.m.s.f.DefaultMavenResourcesFiltering - Using platform encoding (UTF-8 actually) to copy filtered resources, i.e. build is platform dependent!
2024-04-12 08:53:28,203 [Worker-22: Building] INFO  o.a.m.s.f.DefaultMavenResourcesFiltering - skip non existing resourceDirectory C:\Users\Khezac\Documents\Estudos de Programação\Serrafit(POO Projeto FInal)\gerenciador_de_academia\gerenciamento_academia\src\main\resources
2024-04-12 08:53:28,205 [Worker-22: Building] WARN  o.a.m.s.f.DefaultMavenResourcesFiltering - Using platform encoding (UTF-8 actually) to copy filtered resources, i.e. build is platform dependent!
2024-04-12 08:53:28,206 [Worker-22: Building] INFO  o.a.m.s.f.DefaultMavenResourcesFiltering - skip non existing resourceDirectory C:\Users\Khezac\Documents\Estudos de Programação\Serrafit(POO Projeto FInal)\gerenciador_de_academia\gerenciamento_academia\src\test\resources
2024-04-12 09:00:39,851 [Worker-4: Building] WARN  o.a.m.s.f.DefaultMavenResourcesFiltering - Using platform encoding (UTF-8 actually) to copy filtered resources, i.e. build is platform dependent!
2024-04-12 09:00:39,853 [Worker-4: Building] INFO  o.a.m.s.f.DefaultMavenResourcesFiltering - skip non existing resourceDirectory C:\Users\Khezac\Documents\Estudos de Programação\Serrafit(POO Projeto FInal)\gerenciador_de_academia\gerenciamento_academia\src\main\resources
2024-04-12 09:00:39,855 [Worker-4: Building] WARN  o.a.m.s.f.DefaultMavenResourcesFiltering - Using platform encoding (UTF-8 actually) to copy filtered resources, i.e. build is platform dependent!
2024-04-12 09:00:39,856 [Worker-4: Building] INFO  o.a.m.s.f.DefaultMavenResourcesFiltering - skip non existing resourceDirectory C:\Users\Khezac\Documents\Estudos de Programação\Serrafit(POO Projeto FInal)\gerenciador_de_academia\gerenciamento_academia\src\test\resources
2024-04-12 09:00:45,896 [Worker-32: Building] WARN  o.a.m.s.f.DefaultMavenResourcesFiltering - Using platform encoding (UTF-8 actually) to copy filtered resources, i.e. build is platform dependent!
2024-04-12 09:00:45,897 [Worker-32: Building] INFO  o.a.m.s.f.DefaultMavenResourcesFiltering - skip non existing resourceDirectory C:\Users\Khezac\Documents\Estudos de Programação\Serrafit(POO Projeto FInal)\gerenciador_de_academia\gerenciamento_academia\src\main\resources
2024-04-12 09:00:45,899 [Worker-32: Building] WARN  o.a.m.s.f.DefaultMavenResourcesFiltering - Using platform encoding (UTF-8 actually) to copy filtered resources, i.e. build is platform dependent!
2024-04-12 09:00:45,900 [Worker-32: Building] INFO  o.a.m.s.f.DefaultMavenResourcesFiltering - skip non existing resourceDirectory C:\Users\Khezac\Documents\Estudos de Programação\Serrafit(POO Projeto FInal)\gerenciador_de_academia\gerenciamento_academia\src\test\resources
2024-04-12 09:00:51,781 [Worker-34: Building] WARN  o.a.m.s.f.DefaultMavenResourcesFiltering - Using platform encoding (UTF-8 actually) to copy filtered resources, i.e. build is platform dependent!
2024-04-12 09:00:51,782 [Worker-34: Building] INFO  o.a.m.s.f.DefaultMavenResourcesFiltering - skip non existing resourceDirectory C:\Users\Khezac\Documents\Estudos de Programação\Serrafit(POO Projeto FInal)\gerenciador_de_academia\gerenciamento_academia\src\main\resources
2024-04-12 09:00:51,784 [Worker-34: Building] WARN  o.a.m.s.f.DefaultMavenResourcesFiltering - Using platform encoding (UTF-8 actually) to copy filtered resources, i.e. build is platform dependent!
2024-04-12 09:00:51,784 [Worker-34: Building] INFO  o.a.m.s.f.DefaultMavenResourcesFiltering - skip non existing resourceDirectory C:\Users\Khezac\Documents\Estudos de Programação\Serrafit(POO Projeto FInal)\gerenciador_de_academia\gerenciamento_academia\src\test\resources
